0 info it worked if it ends with ok
1 verbose cli [ 'C:\\Program Files (x86)\\nodejs\\\\node.exe',
1 verbose cli   'C:\\Program Files (x86)\\nodejs\\node_modules\\npm\\bin\\npm-cli.js',
1 verbose cli   'install' ]
2 info using npm@1.4.14
3 info using node@v0.10.29
4 verbose node symlink C:\Program Files (x86)\nodejs\\node.exe
5 verbose readDependencies using package.json deps
6 verbose install where, deps [ 'C:\\Users\\Rata\\Documents\\milfolls2014\\socket.io',
6 verbose install   [ 'socket.io-client',
6 verbose install     'policyfile',
6 verbose install     'base64id',
6 verbose install     'redis',
6 verbose install     'expresso',
6 verbose install     'should',
6 verbose install     'benchmark',
6 verbose install     'microtime',
6 verbose install     'colors' ] ]
7 info preinstall socket.io@0.9.17
8 warn package.json policyfile@0.0.4 'repositories' (plural) Not supported. Please pick one as the 'repository' field
9 verbose readDependencies using package.json deps
10 verbose already installed skipping socket.io-client@0.9.16 C:\Users\Rata\Documents\milfolls2014\socket.io
11 verbose already installed skipping policyfile@0.0.4 C:\Users\Rata\Documents\milfolls2014\socket.io
12 verbose already installed skipping base64id@0.1.0 C:\Users\Rata\Documents\milfolls2014\socket.io
13 verbose already installed skipping redis@0.7.3 C:\Users\Rata\Documents\milfolls2014\socket.io
14 verbose cache add [ 'expresso@0.9.2', null ]
15 verbose cache add name=undefined spec="expresso@0.9.2" args=["expresso@0.9.2",null]
16 verbose parsed url { protocol: null,
16 verbose parsed url   slashes: null,
16 verbose parsed url   auth: null,
16 verbose parsed url   host: null,
16 verbose parsed url   port: null,
16 verbose parsed url   hostname: null,
16 verbose parsed url   hash: null,
16 verbose parsed url   search: null,
16 verbose parsed url   query: null,
16 verbose parsed url   pathname: 'expresso@0.9.2',
16 verbose parsed url   path: 'expresso@0.9.2',
16 verbose parsed url   href: 'expresso@0.9.2' }
17 verbose cache add [ 'should@*', null ]
18 verbose cache add name=undefined spec="should@*" args=["should@*",null]
19 verbose parsed url { protocol: null,
19 verbose parsed url   slashes: null,
19 verbose parsed url   auth: null,
19 verbose parsed url   host: null,
19 verbose parsed url   port: null,
19 verbose parsed url   hostname: null,
19 verbose parsed url   hash: null,
19 verbose parsed url   search: null,
19 verbose parsed url   query: null,
19 verbose parsed url   pathname: 'should@*',
19 verbose parsed url   path: 'should@*',
19 verbose parsed url   href: 'should@*' }
20 verbose cache add [ 'benchmark@0.2.2', null ]
21 verbose cache add name=undefined spec="benchmark@0.2.2" args=["benchmark@0.2.2",null]
22 verbose parsed url { protocol: null,
22 verbose parsed url   slashes: null,
22 verbose parsed url   auth: null,
22 verbose parsed url   host: null,
22 verbose parsed url   port: null,
22 verbose parsed url   hostname: null,
22 verbose parsed url   hash: null,
22 verbose parsed url   search: null,
22 verbose parsed url   query: null,
22 verbose parsed url   pathname: 'benchmark@0.2.2',
22 verbose parsed url   path: 'benchmark@0.2.2',
22 verbose parsed url   href: 'benchmark@0.2.2' }
23 verbose cache add [ 'microtime@0.1.3-1', null ]
24 verbose cache add name=undefined spec="microtime@0.1.3-1" args=["microtime@0.1.3-1",null]
25 verbose parsed url { protocol: null,
25 verbose parsed url   slashes: null,
25 verbose parsed url   auth: null,
25 verbose parsed url   host: null,
25 verbose parsed url   port: null,
25 verbose parsed url   hostname: null,
25 verbose parsed url   hash: null,
25 verbose parsed url   search: null,
25 verbose parsed url   query: null,
25 verbose parsed url   pathname: 'microtime@0.1.3-1',
25 verbose parsed url   path: 'microtime@0.1.3-1',
25 verbose parsed url   href: 'microtime@0.1.3-1' }
26 verbose cache add [ 'colors@0.5.1', null ]
27 verbose cache add name=undefined spec="colors@0.5.1" args=["colors@0.5.1",null]
28 verbose parsed url { protocol: null,
28 verbose parsed url   slashes: null,
28 verbose parsed url   auth: null,
28 verbose parsed url   host: null,
28 verbose parsed url   port: null,
28 verbose parsed url   hostname: null,
28 verbose parsed url   hash: null,
28 verbose parsed url   search: null,
28 verbose parsed url   query: null,
28 verbose parsed url   pathname: 'colors@0.5.1',
28 verbose parsed url   path: 'colors@0.5.1',
28 verbose parsed url   href: 'colors@0.5.1' }
29 verbose cache add name="expresso" spec="0.9.2" args=["expresso","0.9.2"]
30 verbose parsed url { protocol: null,
30 verbose parsed url   slashes: null,
30 verbose parsed url   auth: null,
30 verbose parsed url   host: null,
30 verbose parsed url   port: null,
30 verbose parsed url   hostname: null,
30 verbose parsed url   hash: null,
30 verbose parsed url   search: null,
30 verbose parsed url   query: null,
30 verbose parsed url   pathname: '0.9.2',
30 verbose parsed url   path: '0.9.2',
30 verbose parsed url   href: '0.9.2' }
31 verbose addNamed [ 'expresso', '0.9.2' ]
32 verbose addNamed [ '0.9.2', '0.9.2' ]
33 verbose cache add name="should" spec="*" args=["should","*"]
34 verbose parsed url { protocol: null,
34 verbose parsed url   slashes: null,
34 verbose parsed url   auth: null,
34 verbose parsed url   host: null,
34 verbose parsed url   port: null,
34 verbose parsed url   hostname: null,
34 verbose parsed url   hash: null,
34 verbose parsed url   search: null,
34 verbose parsed url   query: null,
34 verbose parsed url   pathname: '*',
34 verbose parsed url   path: '*',
34 verbose parsed url   href: '*' }
35 verbose addNamed [ 'should', '*' ]
36 verbose addNamed [ null, '*' ]
37 verbose cache add name="benchmark" spec="0.2.2" args=["benchmark","0.2.2"]
38 verbose parsed url { protocol: null,
38 verbose parsed url   slashes: null,
38 verbose parsed url   auth: null,
38 verbose parsed url   host: null,
38 verbose parsed url   port: null,
38 verbose parsed url   hostname: null,
38 verbose parsed url   hash: null,
38 verbose parsed url   search: null,
38 verbose parsed url   query: null,
38 verbose parsed url   pathname: '0.2.2',
38 verbose parsed url   path: '0.2.2',
38 verbose parsed url   href: '0.2.2' }
39 verbose addNamed [ 'benchmark', '0.2.2' ]
40 verbose addNamed [ '0.2.2', '0.2.2' ]
41 verbose cache add name="microtime" spec="0.1.3-1" args=["microtime","0.1.3-1"]
42 verbose parsed url { protocol: null,
42 verbose parsed url   slashes: null,
42 verbose parsed url   auth: null,
42 verbose parsed url   host: null,
42 verbose parsed url   port: null,
42 verbose parsed url   hostname: null,
42 verbose parsed url   hash: null,
42 verbose parsed url   search: null,
42 verbose parsed url   query: null,
42 verbose parsed url   pathname: '0.1.3-1',
42 verbose parsed url   path: '0.1.3-1',
42 verbose parsed url   href: '0.1.3-1' }
43 verbose addNamed [ 'microtime', '0.1.3-1' ]
44 verbose addNamed [ '0.1.3-1', '0.1.3-1' ]
45 verbose cache add name="colors" spec="0.5.1" args=["colors","0.5.1"]
46 verbose parsed url { protocol: null,
46 verbose parsed url   slashes: null,
46 verbose parsed url   auth: null,
46 verbose parsed url   host: null,
46 verbose parsed url   port: null,
46 verbose parsed url   hostname: null,
46 verbose parsed url   hash: null,
46 verbose parsed url   search: null,
46 verbose parsed url   query: null,
46 verbose parsed url   pathname: '0.5.1',
46 verbose parsed url   path: '0.5.1',
46 verbose parsed url   href: '0.5.1' }
47 verbose addNamed [ 'colors', '0.5.1' ]
48 verbose addNamed [ '0.5.1', '0.5.1' ]
49 silly lockFile 1dee2d99-expresso-0-9-2 expresso@0.9.2
50 verbose lock expresso@0.9.2 C:\Users\Rata\AppData\Roaming\npm-cache\1dee2d99-expresso-0-9-2.lock
51 silly lockFile 987f4939-should should@*
52 verbose lock should@* C:\Users\Rata\AppData\Roaming\npm-cache\987f4939-should.lock
53 silly lockFile d9f1bd28-benchmark-0-2-2 benchmark@0.2.2
54 verbose lock benchmark@0.2.2 C:\Users\Rata\AppData\Roaming\npm-cache\d9f1bd28-benchmark-0-2-2.lock
55 silly lockFile 7fb08c51-microtime-0-1-3-1 microtime@0.1.3-1
56 verbose lock microtime@0.1.3-1 C:\Users\Rata\AppData\Roaming\npm-cache\7fb08c51-microtime-0-1-3-1.lock
57 silly lockFile f4bcf598-colors-0-5-1 colors@0.5.1
58 verbose lock colors@0.5.1 C:\Users\Rata\AppData\Roaming\npm-cache\f4bcf598-colors-0-5-1.lock
59 silly addNameRange { name: 'should', range: '*', hasData: false }
60 verbose url raw microtime
61 verbose url resolving [ 'https://registry.npmjs.org/', './microtime' ]
62 verbose url resolved https://registry.npmjs.org/microtime
63 info trying registry request attempt 1 at 14:54:22
64 http GET https://registry.npmjs.org/microtime
65 verbose url raw expresso
66 verbose url resolving [ 'https://registry.npmjs.org/', './expresso' ]
67 verbose url resolved https://registry.npmjs.org/expresso
68 info trying registry request attempt 1 at 14:54:22
69 verbose etag "62G7OUL2VNHBB26NG4K8L3LXM"
70 http GET https://registry.npmjs.org/expresso
71 verbose url raw benchmark
72 verbose url resolving [ 'https://registry.npmjs.org/', './benchmark' ]
73 verbose url resolved https://registry.npmjs.org/benchmark
74 info trying registry request attempt 1 at 14:54:22
75 verbose etag "1S3Z77IEACD73EBEC7DL3DLZI"
76 http GET https://registry.npmjs.org/benchmark
77 verbose url raw should
78 verbose url resolving [ 'https://registry.npmjs.org/', './should' ]
79 verbose url resolved https://registry.npmjs.org/should
80 info trying registry request attempt 1 at 14:54:22
81 verbose etag "DKPLA4ORM5NFEWYNXPTYUBWUA"
82 http GET https://registry.npmjs.org/should
83 verbose url raw colors
84 verbose url resolving [ 'https://registry.npmjs.org/', './colors' ]
85 verbose url resolved https://registry.npmjs.org/colors
86 info trying registry request attempt 1 at 14:54:22
87 verbose etag "8AJHEWCMEF2NU7QB8LY5JK4TS"
88 http GET https://registry.npmjs.org/colors
89 http 304 https://registry.npmjs.org/colors
90 silly registry.get cb [ 304,
90 silly registry.get   { date: 'Sat, 28 Jun 2014 12:54:22 GMT',
90 silly registry.get     server: 'Apache',
90 silly registry.get     via: '1.1 varnish',
90 silly registry.get     'last-modified': 'Sat, 28 Jun 2014 12:54:22 GMT',
90 silly registry.get     'cache-control': 'max-age=30',
90 silly registry.get     etag: '"8AJHEWCMEF2NU7QB8LY5JK4TS"',
90 silly registry.get     'x-served-by': 'cache-ams4124-AMS',
90 silly registry.get     'x-cache': 'HIT',
90 silly registry.get     'x-cache-hits': '1',
90 silly registry.get     'x-timer': 'S1403960062.994990,VS0,VE0',
90 silly registry.get     vary: 'Accept',
90 silly registry.get     'content-length': '0',
90 silly registry.get     'keep-alive': 'timeout=10, max=50',
90 silly registry.get     connection: 'Keep-Alive' } ]
91 verbose etag colors from cache
92 silly lockFile f4bcf598-colors-0-5-1 colors@0.5.1
93 silly lockFile f4bcf598-colors-0-5-1 colors@0.5.1
94 http 304 https://registry.npmjs.org/benchmark
95 silly registry.get cb [ 304,
95 silly registry.get   { date: 'Sat, 28 Jun 2014 12:54:23 GMT',
95 silly registry.get     server: 'Apache',
95 silly registry.get     via: '1.1 varnish',
95 silly registry.get     'last-modified': 'Sat, 28 Jun 2014 12:54:23 GMT',
95 silly registry.get     'cache-control': 'max-age=30',
95 silly registry.get     etag: '"1S3Z77IEACD73EBEC7DL3DLZI"',
95 silly registry.get     'x-served-by': 'cache-ams4127-AMS',
95 silly registry.get     'x-cache': 'HIT',
95 silly registry.get     'x-cache-hits': '1',
95 silly registry.get     'x-timer': 'S1403960063.002100,VS0,VE93',
95 silly registry.get     vary: 'Accept',
95 silly registry.get     'content-length': '0',
95 silly registry.get     'keep-alive': 'timeout=10, max=50',
95 silly registry.get     connection: 'Keep-Alive' } ]
96 verbose etag benchmark from cache
97 silly lockFile 36eee18d-rg-benchmark-benchmark-0-2-2-tgz https://registry.npmjs.org/benchmark/-/benchmark-0.2.2.tgz
98 verbose lock https://registry.npmjs.org/benchmark/-/benchmark-0.2.2.tgz C:\Users\Rata\AppData\Roaming\npm-cache\36eee18d-rg-benchmark-benchmark-0-2-2-tgz.lock
99 verbose addRemoteTarball [ 'https://registry.npmjs.org/benchmark/-/benchmark-0.2.2.tgz',
99 verbose addRemoteTarball   '9c6bcf8d997c7102c050f075ee8e622e1d66b206' ]
100 info retry fetch attempt 1 at 14:54:22
101 verbose fetch to= C:\Users\Rata\AppData\Local\Temp\npm-3436-15iyHfBY\registry.npmjs.org\benchmark\-\benchmark-0.2.2.tgz
102 http GET https://registry.npmjs.org/benchmark/-/benchmark-0.2.2.tgz
103 http 200 https://registry.npmjs.org/microtime
104 silly registry.get cb [ 200,
104 silly registry.get   { date: 'Sat, 28 Jun 2014 12:54:23 GMT',
104 silly registry.get     server: 'CouchDB/1.5.0 (Erlang OTP/R14B04)',
104 silly registry.get     etag: '"4N6TIQ9S8HY81P1UOBMJASSJ"',
104 silly registry.get     'content-type': 'application/json',
104 silly registry.get     'cache-control': 'max-age=30',
104 silly registry.get     'content-length': '14571',
104 silly registry.get     'accept-ranges': 'bytes',
104 silly registry.get     via: '1.1 varnish',
104 silly registry.get     age: '0',
104 silly registry.get     'x-served-by': 'cache-fra1227-FRA',
104 silly registry.get     'x-cache': 'MISS',
104 silly registry.get     'x-cache-hits': '0',
104 silly registry.get     'x-timer': 'S1403960062.975337,VS0,VE201',
104 silly registry.get     vary: 'Accept',
104 silly registry.get     'keep-alive': 'timeout=10, max=50',
104 silly registry.get     connection: 'Keep-Alive' } ]
105 silly lockFile c66d37ce--microtime-microtime-0-1-3-1-tgz https://registry.npmjs.org/microtime/-/microtime-0.1.3-1.tgz
106 verbose lock https://registry.npmjs.org/microtime/-/microtime-0.1.3-1.tgz C:\Users\Rata\AppData\Roaming\npm-cache\c66d37ce--microtime-microtime-0-1-3-1-tgz.lock
107 verbose addRemoteTarball [ 'https://registry.npmjs.org/microtime/-/microtime-0.1.3-1.tgz',
107 verbose addRemoteTarball   '5eb1875ea6a1ecca8b431c41ebe68ee3db4a2585' ]
108 info retry fetch attempt 1 at 14:54:23
109 verbose fetch to= C:\Users\Rata\AppData\Local\Temp\npm-3436-15iyHfBY\registry.npmjs.org\microtime\-\microtime-0.1.3-1.tgz
110 http GET https://registry.npmjs.org/microtime/-/microtime-0.1.3-1.tgz
111 http 304 https://registry.npmjs.org/should
112 silly registry.get cb [ 304,
112 silly registry.get   { date: 'Sat, 28 Jun 2014 12:54:22 GMT',
112 silly registry.get     server: 'Apache',
112 silly registry.get     via: '1.1 varnish',
112 silly registry.get     'last-modified': 'Sat, 28 Jun 2014 12:54:23 GMT',
112 silly registry.get     'cache-control': 'max-age=30',
112 silly registry.get     etag: '"DKPLA4ORM5NFEWYNXPTYUBWUA"',
112 silly registry.get     'x-served-by': 'cache-ams4127-AMS',
112 silly registry.get     'x-cache': 'MISS',
112 silly registry.get     'x-cache-hits': '0',
112 silly registry.get     'x-timer': 'S1403960062.983085,VS0,VE270',
112 silly registry.get     vary: 'Accept',
112 silly registry.get     'content-length': '0',
112 silly registry.get     'keep-alive': 'timeout=10, max=50',
112 silly registry.get     connection: 'Keep-Alive' } ]
113 verbose etag should from cache
114 http 304 https://registry.npmjs.org/expresso
115 silly registry.get cb [ 304,
115 silly registry.get   { date: 'Sat, 28 Jun 2014 12:54:22 GMT',
115 silly registry.get     server: 'Apache',
115 silly registry.get     via: '1.1 varnish',
115 silly registry.get     'last-modified': 'Sat, 28 Jun 2014 12:54:23 GMT',
115 silly registry.get     'cache-control': 'max-age=30',
115 silly registry.get     etag: '"62G7OUL2VNHBB26NG4K8L3LXM"',
115 silly registry.get     'x-served-by': 'cache-fra1232-FRA',
115 silly registry.get     'x-cache': 'MISS',
115 silly registry.get     'x-cache-hits': '0',
115 silly registry.get     'x-timer': 'S1403960062.956323,VS0,VE342',
115 silly registry.get     vary: 'Accept',
115 silly registry.get     'content-length': '0',
115 silly registry.get     'keep-alive': 'timeout=10, max=50',
115 silly registry.get     connection: 'Keep-Alive' } ]
116 verbose etag expresso from cache
117 silly addNameRange number 2 { name: 'should', range: '*', hasData: true }
118 silly addNameRange versions [ 'should',
118 silly addNameRange   [ '0.0.1',
118 silly addNameRange     '0.0.2',
118 silly addNameRange     '0.0.3',
118 silly addNameRange     '0.0.4',
118 silly addNameRange     '0.1.0',
118 silly addNameRange     '0.2.0',
118 silly addNameRange     '0.2.1',
118 silly addNameRange     '0.3.0',
118 silly addNameRange     '0.3.1',
118 silly addNameRange     '0.3.2',
118 silly addNameRange     '0.4.0',
118 silly addNameRange     '0.4.1',
118 silly addNameRange     '0.4.2',
118 silly addNameRange     '0.5.0',
118 silly addNameRange     '0.5.1',
118 silly addNameRange     '0.6.0',
118 silly addNameRange     '0.6.1',
118 silly addNameRange     '0.6.2',
118 silly addNameRange     '0.6.3',
118 silly addNameRange     '1.0.0',
118 silly addNameRange     '1.1.0',
118 silly addNameRange     '1.1.1',
118 silly addNameRange     '1.2.0',
118 silly addNameRange     '1.2.1',
118 silly addNameRange     '1.2.2',
118 silly addNameRange     '1.3.0',
118 silly addNameRange     '2.0.0',
118 silly addNameRange     '2.0.1',
118 silly addNameRange     '2.0.2',
118 silly addNameRange     '2.1.0',
118 silly addNameRange     '2.1.1',
118 silly addNameRange     '3.0.0',
118 silly addNameRange     '3.0.1',
118 silly addNameRange     '3.1.0',
118 silly addNameRange     '3.1.1',
118 silly addNameRange     '3.1.2',
118 silly addNameRange     '3.1.3',
118 silly addNameRange     '3.1.4',
118 silly addNameRange     '3.2.0-beta1',
118 silly addNameRange     '3.2.0',
118 silly addNameRange     '3.3.0',
118 silly addNameRange     '3.3.1',
118 silly addNameRange     '3.3.2',
118 silly addNameRange     '4.0.0',
118 silly addNameRange     '4.0.1',
118 silly addNameRange     '4.0.3',
118 silly addNameRange     '4.0.4' ] ]
119 verbose addNamed [ 'should', '4.0.4' ]
120 verbose addNamed [ '4.0.4', '4.0.4' ]
121 silly lockFile 4d7e04e0-should-4-0-4 should@4.0.4
122 verbose lock should@4.0.4 C:\Users\Rata\AppData\Roaming\npm-cache\4d7e04e0-should-4-0-4.lock
123 silly lockFile 1dee2d99-expresso-0-9-2 expresso@0.9.2
124 silly lockFile 1dee2d99-expresso-0-9-2 expresso@0.9.2
125 silly lockFile 4d7e04e0-should-4-0-4 should@4.0.4
126 silly lockFile 4d7e04e0-should-4-0-4 should@4.0.4
127 silly lockFile 987f4939-should should@*
128 silly lockFile 987f4939-should should@*
129 http 200 https://registry.npmjs.org/microtime/-/microtime-0.1.3-1.tgz
130 silly lockFile c66d37ce--microtime-microtime-0-1-3-1-tgz https://registry.npmjs.org/microtime/-/microtime-0.1.3-1.tgz
131 silly lockFile c66d37ce--microtime-microtime-0-1-3-1-tgz https://registry.npmjs.org/microtime/-/microtime-0.1.3-1.tgz
132 silly lockFile 7fb08c51-microtime-0-1-3-1 microtime@0.1.3-1
133 silly lockFile 7fb08c51-microtime-0-1-3-1 microtime@0.1.3-1
134 http 200 https://registry.npmjs.org/benchmark/-/benchmark-0.2.2.tgz
135 silly lockFile 36eee18d-rg-benchmark-benchmark-0-2-2-tgz https://registry.npmjs.org/benchmark/-/benchmark-0.2.2.tgz
136 silly lockFile 36eee18d-rg-benchmark-benchmark-0-2-2-tgz https://registry.npmjs.org/benchmark/-/benchmark-0.2.2.tgz
137 silly lockFile d9f1bd28-benchmark-0-2-2 benchmark@0.2.2
138 silly lockFile d9f1bd28-benchmark-0-2-2 benchmark@0.2.2
139 silly resolved [ { name: 'colors',
139 silly resolved     description: 'get colors in your node.js console like what',
139 silly resolved     version: '0.5.1',
139 silly resolved     author: { name: 'Marak Squires' },
139 silly resolved     repository: { type: 'git', url: 'git://github.com/Marak/colors.js.git' },
139 silly resolved     engines: { node: '>=0.1.90' },
139 silly resolved     main: 'colors',
139 silly resolved     _npmJsonOpts:
139 silly resolved      { file: '/Users/maraksquires/.npm/colors/0.5.1/package/package.json',
139 silly resolved        wscript: false,
139 silly resolved        contributors: false,
139 silly resolved        serverjs: false },
139 silly resolved     _id: 'colors@0.5.1',
139 silly resolved     dependencies: {},
139 silly resolved     devDependencies: {},
139 silly resolved     _engineSupported: true,
139 silly resolved     _npmVersion: '1.0.30',
139 silly resolved     _nodeVersion: 'v0.4.10',
139 silly resolved     _defaultsLoaded: true,
139 silly resolved     dist:
139 silly resolved      { shasum: '7d0023eaeb154e8ee9fce75dcb923d0ed1667774',
139 silly resolved        tarball: 'http://registry.npmjs.org/colors/-/colors-0.5.1.tgz' },
139 silly resolved     maintainers: [ [Object] ],
139 silly resolved     directories: {},
139 silly resolved     _shasum: '7d0023eaeb154e8ee9fce75dcb923d0ed1667774',
139 silly resolved     _from: 'colors@0.5.1',
139 silly resolved     _resolved: 'https://registry.npmjs.org/colors/-/colors-0.5.1.tgz',
139 silly resolved     bugs: { url: 'https://github.com/Marak/colors.js/issues' },
139 silly resolved     readme: 'ERROR: No README data found!',
139 silly resolved     homepage: 'https://github.com/Marak/colors.js',
139 silly resolved     scripts: {} },
139 silly resolved   { name: 'expresso',
139 silly resolved     version: '0.9.2',
139 silly resolved     description: 'TDD framework, light-weight, fast, CI-friendly',
139 silly resolved     author: { name: 'TJ Holowaychuk', email: 'tj@vision-media.ca' },
139 silly resolved     repository:
139 silly resolved      { type: 'git',
139 silly resolved        url: 'git://github.com/visionmedia/expresso.git' },
139 silly resolved     bin:
139 silly resolved      { expresso: './bin/expresso',
139 silly resolved        'node-jscoverage': './deps/jscoverage/node-jscoverage' },
139 silly resolved     scripts: { preinstall: 'make deps/jscoverage/node-jscoverage' },
139 silly resolved     _npmJsonOpts:
139 silly resolved      { file: '/Users/tj/.npm/expresso/0.9.2/package/package.json',
139 silly resolved        wscript: false,
139 silly resolved        contributors: false,
139 silly resolved        serverjs: false },
139 silly resolved     _id: 'expresso@0.9.2',
139 silly resolved     dependencies: {},
139 silly resolved     devDependencies: {},
139 silly resolved     engines: { node: '*' },
139 silly resolved     _engineSupported: true,
139 silly resolved     _npmVersion: '1.0.24',
139 silly resolved     _nodeVersion: 'v0.4.12',
139 silly resolved     _defaultsLoaded: true,
139 silly resolved     dist:
139 silly resolved      { shasum: '177b260908acaebe45ee16ddf74495a3f55862e8',
139 silly resolved        tarball: 'http://registry.npmjs.org/expresso/-/expresso-0.9.2.tgz' },
139 silly resolved     maintainers: [ [Object], [Object] ],
139 silly resolved     directories: {},
139 silly resolved     _shasum: '177b260908acaebe45ee16ddf74495a3f55862e8',
139 silly resolved     _from: 'expresso@0.9.2',
139 silly resolved     _resolved: 'https://registry.npmjs.org/expresso/-/expresso-0.9.2.tgz',
139 silly resolved     bugs: { url: 'https://github.com/visionmedia/expresso/issues' },
139 silly resolved     readme: 'ERROR: No README data found!',
139 silly resolved     homepage: 'https://github.com/visionmedia/expresso' },
139 silly resolved   { name: 'should',
139 silly resolved     description: 'test framework agnostic BDD-style assertions',
139 silly resolved     version: '4.0.4',
139 silly resolved     author: { name: 'TJ Holowaychuk', email: 'tj@vision-media.ca' },
139 silly resolved     repository:
139 silly resolved      { type: 'git',
139 silly resolved        url: 'https://github.com/shouldjs/should.js.git' },
139 silly resolved     homepage: 'https://github.com/shouldjs/should.js',
139 silly resolved     scripts:
139 silly resolved      { test: 'gulp test',
139 silly resolved        zuul: 'zuul -- ./test/**/*.test.js ./test/*.test.js' },
139 silly resolved     devDependencies:
139 silly resolved      { browserify: 'latest',
139 silly resolved        'mocha-better-spec-reporter': '0.0.2',
139 silly resolved        'gulp-mocha': '^0.4.1',
139 silly resolved        'gulp-uglify': '^0.3.0',
139 silly resolved        'gulp-util': '^2.2.14',
139 silly resolved        gulp: '^3.6.2',
139 silly resolved        'vinyl-source-stream2': '^0.1.1',
139 silly resolved        'gulp-load-plugins': '^0.5.1',
139 silly resolved        'gulp-rename': '^1.2.0',
139 silly resolved        'gulp-header': '^1.0.2',
139 silly resolved        mocha: '^1.19.0',
139 silly resolved        zuul: '^1.6.5' },
139 silly resolved     keywords: [ 'test', 'bdd', 'assert' ],
139 silly resolved     main: './lib/should.js',
139 silly resolved     license: 'MIT',
139 silly resolved     bugs: { url: 'https://github.com/shouldjs/should.js/issues' },
139 silly resolved     _id: 'should@4.0.4',
139 silly resolved     dist:
139 silly resolved      { shasum: '8efaa304f1f148cf3d2e955862990f9ab9ea628f',
139 silly resolved        tarball: 'http://registry.npmjs.org/should/-/should-4.0.4.tgz' },
139 silly resolved     _from: 'should@*',
139 silly resolved     _npmVersion: '1.4.3',
139 silly resolved     _npmUser: { name: 'btd', email: 'bardadymchik@gmail.com' },
139 silly resolved     maintainers: [ [Object], [Object], [Object], [Object] ],
139 silly resolved     directories: {},
139 silly resolved     _shasum: '8efaa304f1f148cf3d2e955862990f9ab9ea628f',
139 silly resolved     _resolved: 'https://registry.npmjs.org/should/-/should-4.0.4.tgz',
139 silly resolved     readme: 'ERROR: No README data found!' },
139 silly resolved   { name: 'microtime',
139 silly resolved     version: '0.1.3-1',
139 silly resolved     description: 'Get the current time in microseconds',
139 silly resolved     author:
139 silly resolved      { name: 'Wade Simmons',
139 silly resolved        email: 'wade@wades.im',
139 silly resolved        url: 'http://wades.im/mons' },
139 silly resolved     homepage: 'https://github.com/wadey/node-microtime',
139 silly resolved     repository: 'git://github.com/wadey/node-microtime.git',
139 silly resolved     main: './index',
139 silly resolved     engines: { node: '>= 0.2.0' },
139 silly resolved     scripts: { install: 'node-waf configure build', test: 'node test.js' },
139 silly resolved     _id: 'microtime@0.1.3-1',
139 silly resolved     _engineSupported: true,
139 silly resolved     _npmVersion: '0.2.18',
139 silly resolved     _nodeVersion: 'v0.2.6',
139 silly resolved     directories: {},
139 silly resolved     files: [ '' ],
139 silly resolved     _defaultsLoaded: true,
139 silly resolved     dist:
139 silly resolved      { shasum: '5eb1875ea6a1ecca8b431c41ebe68ee3db4a2585',
139 silly resolved        tarball: 'http://registry.npmjs.org/microtime/-/microtime-0.1.3-1.tgz',
139 silly resolved        bin: [Object] },
139 silly resolved     _shasum: '5eb1875ea6a1ecca8b431c41ebe68ee3db4a2585',
139 silly resolved     _from: 'microtime@0.1.3-1',
139 silly resolved     _resolved: 'https://registry.npmjs.org/microtime/-/microtime-0.1.3-1.tgz' },
139 silly resolved   { name: 'benchmark',
139 silly resolved     version: '0.2.2',
139 silly resolved     description: 'A benchmarking library that works on nearly all JavaScript platforms, supports high-resolution timers, and returns statistically significant results.',
139 silly resolved     homepage: 'http://benchmarkjs.com/',
139 silly resolved     main: 'benchmark',
139 silly resolved     keywords: [ 'benchmark', 'node', 'narwhal', 'performance', 'ringo', 'speed' ],
139 silly resolved     licenses: [ [Object] ],
139 silly resolved     author:
139 silly resolved      { name: 'Mathias Bynens',
139 silly resolved        email: 'mathias@benchmarkjs.com',
139 silly resolved        url: 'http://mathiasbynens.be/' },
139 silly resolved     maintainers: [ [Object], [Object] ],
139 silly resolved     bugs:
139 silly resolved      { email: 'bugs@benchmarkjs.com',
139 silly resolved        url: 'https://github.com/bestiejs/benchmark.js/issues' },
139 silly resolved     repository:
139 silly resolved      { type: 'git',
139 silly resolved        url: 'git://github.com/bestiejs/benchmark.js.git' },
139 silly resolved     engines: [ 'node', 'rhino' ],
139 silly resolved     directories: { doc: 'docs', test: 'tests' },
139 silly resolved     dependencies: {},
139 silly resolved     devDependencies: {},
139 silly resolved     _id: 'benchmark@0.2.2',
139 silly resolved     _engineSupported: true,
139 silly resolved     _npmVersion: '1.0.6',
139 silly resolved     _nodeVersion: 'v0.4.1',
139 silly resolved     _defaultsLoaded: true,
139 silly resolved     dist:
139 silly resolved      { shasum: '9c6bcf8d997c7102c050f075ee8e622e1d66b206',
139 silly resolved        tarball: 'http://registry.npmjs.org/benchmark/-/benchmark-0.2.2.tgz' },
139 silly resolved     scripts: {},
139 silly resolved     _shasum: '9c6bcf8d997c7102c050f075ee8e622e1d66b206',
139 silly resolved     _from: 'benchmark@0.2.2',
139 silly resolved     _resolved: 'https://registry.npmjs.org/benchmark/-/benchmark-0.2.2.tgz' } ]
140 info install colors@0.5.1 into C:\Users\Rata\Documents\milfolls2014\socket.io
141 info install expresso@0.9.2 into C:\Users\Rata\Documents\milfolls2014\socket.io
142 info install should@4.0.4 into C:\Users\Rata\Documents\milfolls2014\socket.io
143 info install microtime@0.1.3-1 into C:\Users\Rata\Documents\milfolls2014\socket.io
144 info install benchmark@0.2.2 into C:\Users\Rata\Documents\milfolls2014\socket.io
145 info installOne colors@0.5.1
146 info installOne expresso@0.9.2
147 info installOne should@4.0.4
148 info installOne microtime@0.1.3-1
149 info installOne benchmark@0.2.2
150 info C:\Users\Rata\Documents\milfolls2014\socket.io\node_modules\colors unbuild
151 info C:\Users\Rata\Documents\milfolls2014\socket.io\node_modules\expresso unbuild
152 info C:\Users\Rata\Documents\milfolls2014\socket.io\node_modules\should unbuild
153 verbose tar unpack C:\Users\Rata\AppData\Roaming\npm-cache\colors\0.5.1\package.tgz
154 silly lockFile 3aa97ae0-14-socket-io-node-modules-colors tar://C:\Users\Rata\Documents\milfolls2014\socket.io\node_modules\colors
155 verbose lock tar://C:\Users\Rata\Documents\milfolls2014\socket.io\node_modules\colors C:\Users\Rata\AppData\Roaming\npm-cache\3aa97ae0-14-socket-io-node-modules-colors.lock
156 silly lockFile 1c3a467a-m-cache-colors-0-5-1-package-tgz tar://C:\Users\Rata\AppData\Roaming\npm-cache\colors\0.5.1\package.tgz
157 verbose lock tar://C:\Users\Rata\AppData\Roaming\npm-cache\colors\0.5.1\package.tgz C:\Users\Rata\AppData\Roaming\npm-cache\1c3a467a-m-cache-colors-0-5-1-package-tgz.lock
158 verbose tar unpack C:\Users\Rata\AppData\Roaming\npm-cache\expresso\0.9.2\package.tgz
159 silly lockFile 2cf3fed6--socket-io-node-modules-expresso tar://C:\Users\Rata\Documents\milfolls2014\socket.io\node_modules\expresso
160 verbose lock tar://C:\Users\Rata\Documents\milfolls2014\socket.io\node_modules\expresso C:\Users\Rata\AppData\Roaming\npm-cache\2cf3fed6--socket-io-node-modules-expresso.lock
161 silly lockFile 4af44984-cache-expresso-0-9-2-package-tgz tar://C:\Users\Rata\AppData\Roaming\npm-cache\expresso\0.9.2\package.tgz
162 verbose lock tar://C:\Users\Rata\AppData\Roaming\npm-cache\expresso\0.9.2\package.tgz C:\Users\Rata\AppData\Roaming\npm-cache\4af44984-cache-expresso-0-9-2-package-tgz.lock
163 verbose tar unpack C:\Users\Rata\AppData\Roaming\npm-cache\should\4.0.4\package.tgz
164 silly lockFile 13ad31f2-14-socket-io-node-modules-should tar://C:\Users\Rata\Documents\milfolls2014\socket.io\node_modules\should
165 verbose lock tar://C:\Users\Rata\Documents\milfolls2014\socket.io\node_modules\should C:\Users\Rata\AppData\Roaming\npm-cache\13ad31f2-14-socket-io-node-modules-should.lock
166 silly lockFile 5305da2f-m-cache-should-4-0-4-package-tgz tar://C:\Users\Rata\AppData\Roaming\npm-cache\should\4.0.4\package.tgz
167 verbose lock tar://C:\Users\Rata\AppData\Roaming\npm-cache\should\4.0.4\package.tgz C:\Users\Rata\AppData\Roaming\npm-cache\5305da2f-m-cache-should-4-0-4-package-tgz.lock
168 info C:\Users\Rata\Documents\milfolls2014\socket.io\node_modules\microtime unbuild
169 info C:\Users\Rata\Documents\milfolls2014\socket.io\node_modules\benchmark unbuild
170 verbose tar unpack C:\Users\Rata\AppData\Roaming\npm-cache\microtime\0.1.3-1\package.tgz
171 silly lockFile d37c0feb-socket-io-node-modules-microtime tar://C:\Users\Rata\Documents\milfolls2014\socket.io\node_modules\microtime
172 verbose lock tar://C:\Users\Rata\Documents\milfolls2014\socket.io\node_modules\microtime C:\Users\Rata\AppData\Roaming\npm-cache\d37c0feb-socket-io-node-modules-microtime.lock
173 silly lockFile 434e73c6-he-microtime-0-1-3-1-package-tgz tar://C:\Users\Rata\AppData\Roaming\npm-cache\microtime\0.1.3-1\package.tgz
174 verbose lock tar://C:\Users\Rata\AppData\Roaming\npm-cache\microtime\0.1.3-1\package.tgz C:\Users\Rata\AppData\Roaming\npm-cache\434e73c6-he-microtime-0-1-3-1-package-tgz.lock
175 verbose tar unpack C:\Users\Rata\AppData\Roaming\npm-cache\benchmark\0.2.2\package.tgz
176 silly lockFile 8b0c2040-socket-io-node-modules-benchmark tar://C:\Users\Rata\Documents\milfolls2014\socket.io\node_modules\benchmark
177 verbose lock tar://C:\Users\Rata\Documents\milfolls2014\socket.io\node_modules\benchmark C:\Users\Rata\AppData\Roaming\npm-cache\8b0c2040-socket-io-node-modules-benchmark.lock
178 silly lockFile 42d4b2b6-ache-benchmark-0-2-2-package-tgz tar://C:\Users\Rata\AppData\Roaming\npm-cache\benchmark\0.2.2\package.tgz
179 verbose lock tar://C:\Users\Rata\AppData\Roaming\npm-cache\benchmark\0.2.2\package.tgz C:\Users\Rata\AppData\Roaming\npm-cache\42d4b2b6-ache-benchmark-0-2-2-package-tgz.lock
180 silly gunzTarPerm modes [ '755', '644' ]
181 silly gunzTarPerm modes [ '755', '644' ]
182 silly gunzTarPerm modes [ '755', '644' ]
183 silly gunzTarPerm modes [ '755', '644' ]
184 silly gunzTarPerm modes [ '755', '644' ]
185 silly gunzTarPerm extractEntry
186 silly gunzTarPerm modified mode [ '', 509, 493 ]
187 silly gunzTarPerm extractEntry LICENSE.txt
188 silly gunzTarPerm extractEntry index.js
189 silly gunzTarPerm modified mode [ 'index.js', 436, 420 ]
190 silly gunzTarPerm extractEntry LICENSE
191 silly gunzTarPerm modified mode [ 'LICENSE', 436, 420 ]
192 silly gunzTarPerm extractEntry microtime.node
193 silly gunzTarPerm modified mode [ 'microtime.node', 509, 493 ]
194 silly gunzTarPerm extractEntry README.md
195 silly gunzTarPerm extractEntry benchmark.js
196 silly gunzTarPerm extractEntry package.json
197 silly gunzTarPerm modified mode [ 'package.json', 436, 420 ]
198 silly gunzTarPerm extractEntry package2.json
199 silly gunzTarPerm modified mode [ 'package2.json', 436, 420 ]
200 silly gunzTarPerm extractEntry .gitignore
201 silly gunzTarPerm extractEntry .gitmodules
202 silly gunzTarPerm extractEntry History.md
203 silly gunzTarPerm extractEntry package.json
204 silly gunzTarPerm extractEntry README.md
205 silly gunzTarPerm modified mode [ 'README.md', 436, 420 ]
206 silly gunzTarPerm extractEntry src/
207 silly gunzTarPerm modified mode [ 'src/', 509, 493 ]
208 silly gunzTarPerm extractEntry Makefile
209 silly gunzTarPerm extractEntry package.json
210 warn excluding symbolic link microtime.node -> /Users/wade/src/node-microtime/build/default/microtime.node
211 silly gunzTarPerm extractEntry tests/node.js
212 silly gunzTarPerm extractEntry docs/README.md
213 silly gunzTarPerm extractEntry test.js
214 silly gunzTarPerm modified mode [ 'test.js', 436, 420 ]
215 silly gunzTarPerm extractEntry wscript
216 silly gunzTarPerm modified mode [ 'wscript', 436, 420 ]
217 silly gunzTarPerm extractEntry Readme.md
218 silly gunzTarPerm extractEntry bin/expresso
219 silly gunzTarPerm extractEntry src/microtime.cc
220 silly gunzTarPerm extractEntry docs/api.html
221 silly gunzTarPerm extractEntry docs/index.html
222 silly gunzTarPerm extractEntry docs/index.md
223 silly gunzTarPerm extractEntry docs/layout/head.html
224 silly gunzTarPerm extractEntry docs/layout/foot.html
225 silly gunzTarPerm extractEntry test/assert.test.js
226 silly gunzTarPerm extractEntry test/.invalid.test.js
227 silly lockFile d37c0feb-socket-io-node-modules-microtime tar://C:\Users\Rata\Documents\milfolls2014\socket.io\node_modules\microtime
228 silly lockFile d37c0feb-socket-io-node-modules-microtime tar://C:\Users\Rata\Documents\milfolls2014\socket.io\node_modules\microtime
229 silly lockFile 434e73c6-he-microtime-0-1-3-1-package-tgz tar://C:\Users\Rata\AppData\Roaming\npm-cache\microtime\0.1.3-1\package.tgz
230 silly lockFile 434e73c6-he-microtime-0-1-3-1-package-tgz tar://C:\Users\Rata\AppData\Roaming\npm-cache\microtime\0.1.3-1\package.tgz
231 info preinstall microtime@0.1.3-1
232 silly gunzTarPerm extractEntry package.json
233 verbose readDependencies using package.json deps
234 verbose readDependencies using package.json deps
235 silly resolved []
236 verbose about to build C:\Users\Rata\Documents\milfolls2014\socket.io\node_modules\microtime
237 info build C:\Users\Rata\Documents\milfolls2014\socket.io\node_modules\microtime
238 verbose linkStuff [ false,
238 verbose linkStuff   false,
238 verbose linkStuff   false,
238 verbose linkStuff   'C:\\Users\\Rata\\Documents\\milfolls2014\\socket.io\\node_modules' ]
239 info linkStuff microtime@0.1.3-1
240 verbose linkBins microtime@0.1.3-1
241 verbose linkMans microtime@0.1.3-1
242 verbose rebuildBundles microtime@0.1.3-1
243 info install microtime@0.1.3-1
244 silly gunzTarPerm extractEntry .npmignore
245 silly gunzTarPerm extractEntry LICENSE
246 verbose unsafe-perm in lifecycle true
247 silly gunzTarPerm extractEntry colors.js
248 silly gunzTarPerm extractEntry test/async.test.js
249 silly gunzTarPerm extractEntry test/bar.test.js
250 silly gunzTarPerm extractEntry should.min.js
251 silly gunzTarPerm extractEntry gulpfile.js
252 silly gunzTarPerm extractEntry example.html
253 silly gunzTarPerm extractEntry example.js
254 silly gunzTarPerm extractEntry index.js
255 silly gunzTarPerm extractEntry should.js
256 silly gunzTarPerm extractEntry MIT-LICENSE.txt
257 silly gunzTarPerm extractEntry package.json
258 silly gunzTarPerm extractEntry .travis.yml
259 silly gunzTarPerm extractEntry .zuul.yml
260 silly gunzTarPerm extractEntry ReadMe.md
261 silly gunzTarPerm extractEntry CONTRIBUTING.md
262 silly gunzTarPerm extractEntry lib/eql.js
263 silly lockFile 8b0c2040-socket-io-node-modules-benchmark tar://C:\Users\Rata\Documents\milfolls2014\socket.io\node_modules\benchmark
264 silly lockFile 8b0c2040-socket-io-node-modules-benchmark tar://C:\Users\Rata\Documents\milfolls2014\socket.io\node_modules\benchmark
265 silly gunzTarPerm extractEntry lib/inspect.js
266 silly gunzTarPerm extractEntry lib/should.js
267 silly lockFile 42d4b2b6-ache-benchmark-0-2-2-package-tgz tar://C:\Users\Rata\AppData\Roaming\npm-cache\benchmark\0.2.2\package.tgz
268 silly lockFile 42d4b2b6-ache-benchmark-0-2-2-package-tgz tar://C:\Users\Rata\AppData\Roaming\npm-cache\benchmark\0.2.2\package.tgz
269 info preinstall benchmark@0.2.2
270 silly lockFile 3aa97ae0-14-socket-io-node-modules-colors tar://C:\Users\Rata\Documents\milfolls2014\socket.io\node_modules\colors
271 silly lockFile 3aa97ae0-14-socket-io-node-modules-colors tar://C:\Users\Rata\Documents\milfolls2014\socket.io\node_modules\colors
272 silly gunzTarPerm extractEntry lib/util.js
273 silly gunzTarPerm extractEntry lib/ext/assert.js
274 verbose readDependencies using package.json deps
275 silly lockFile 1c3a467a-m-cache-colors-0-5-1-package-tgz tar://C:\Users\Rata\AppData\Roaming\npm-cache\colors\0.5.1\package.tgz
276 silly lockFile 1c3a467a-m-cache-colors-0-5-1-package-tgz tar://C:\Users\Rata\AppData\Roaming\npm-cache\colors\0.5.1\package.tgz
277 verbose readDependencies using package.json deps
278 silly resolved []
279 verbose about to build C:\Users\Rata\Documents\milfolls2014\socket.io\node_modules\benchmark
280 info build C:\Users\Rata\Documents\milfolls2014\socket.io\node_modules\benchmark
281 verbose linkStuff [ false,
281 verbose linkStuff   false,
281 verbose linkStuff   false,
281 verbose linkStuff   'C:\\Users\\Rata\\Documents\\milfolls2014\\socket.io\\node_modules' ]
282 info linkStuff benchmark@0.2.2
283 verbose linkBins benchmark@0.2.2
284 verbose linkMans benchmark@0.2.2
285 verbose rebuildBundles benchmark@0.2.2
286 info install benchmark@0.2.2
287 info postinstall benchmark@0.2.2
288 info preinstall colors@0.5.1
289 verbose readDependencies using package.json deps
290 verbose readDependencies using package.json deps
291 silly resolved []
292 verbose about to build C:\Users\Rata\Documents\milfolls2014\socket.io\node_modules\colors
293 info build C:\Users\Rata\Documents\milfolls2014\socket.io\node_modules\colors
294 verbose linkStuff [ false,
294 verbose linkStuff   false,
294 verbose linkStuff   false,
294 verbose linkStuff   'C:\\Users\\Rata\\Documents\\milfolls2014\\socket.io\\node_modules' ]
295 info linkStuff colors@0.5.1
296 verbose linkBins colors@0.5.1
297 verbose linkMans colors@0.5.1
298 verbose rebuildBundles colors@0.5.1
299 info install colors@0.5.1
300 info postinstall colors@0.5.1
301 silly gunzTarPerm extractEntry test/earlyexit.test.js
302 silly gunzTarPerm extractEntry test/foo.test.js
303 silly gunzTarPerm extractEntry test/http.test.js
304 silly gunzTarPerm extractEntry test/local-assert.test.js
305 silly gunzTarPerm extractEntry test/match.test.js
306 silly gunzTarPerm extractEntry test/this.test.js
307 silly gunzTarPerm extractEntry lib/ext/chain.js
308 silly gunzTarPerm extractEntry lib/ext/contain.js
309 silly gunzTarPerm extractEntry test/earlyexit/forever.test.js
310 silly gunzTarPerm extractEntry test/match/test.js
311 silly gunzTarPerm extractEntry lib/ext/eql.js
312 silly gunzTarPerm extractEntry lib/ext/bool.js
313 silly gunzTarPerm extractEntry test/serial/async.test.js
314 silly gunzTarPerm extractEntry test/serial/http.test.js
315 silly gunzTarPerm extractEntry lib/ext/match.js
316 silly gunzTarPerm extractEntry lib/ext/number.js
317 silly gunzTarPerm extractEntry lib/ext/property.js
318 silly gunzTarPerm extractEntry lib/ext/string.js
319 silly gunzTarPerm extractEntry test/serial/teardown.test.js
320 silly gunzTarPerm extractEntry deps/jscoverage/config.h.in
321 silly gunzTarPerm extractEntry deps/jscoverage/aclocal.m4
322 silly gunzTarPerm extractEntry deps/jscoverage/config.guess
323 silly gunzTarPerm extractEntry lib/ext/type.js
324 silly gunzTarPerm extractEntry lib/ext/error.js
325 silly gunzTarPerm extractEntry deps/jscoverage/config.rpath
326 silly gunzTarPerm extractEntry deps/jscoverage/config.sub
327 silly gunzTarPerm extractEntry History.md
328 silly gunzTarPerm extractEntry .idea/misc.xml
329 silly gunzTarPerm extractEntry deps/jscoverage/configure
330 silly gunzTarPerm extractEntry deps/jscoverage/configure.ac
331 silly gunzTarPerm extractEntry .idea/codeStyleSettings.xml
332 silly gunzTarPerm extractEntry .idea/jsLibraryMappings.xml
333 silly gunzTarPerm extractEntry deps/jscoverage/COPYING
334 silly gunzTarPerm extractEntry deps/jscoverage/depcomp
335 silly gunzTarPerm extractEntry .idea/jsLinters/jshint.xml
336 silly gunzTarPerm extractEntry .idea/libraries/Node_js_Dependencies_for_should_js.xml
337 silly gunzTarPerm extractEntry deps/jscoverage/encoding.c
338 silly gunzTarPerm extractEntry deps/jscoverage/encoding.h
339 silly gunzTarPerm extractEntry .idea/libraries/should_js_node_modules.xml
340 silly gunzTarPerm extractEntry .idea/encodings.xml
341 silly gunzTarPerm extractEntry deps/jscoverage/generate-resources.c
342 silly gunzTarPerm extractEntry deps/jscoverage/global.h
343 silly gunzTarPerm extractEntry .idea/modules.xml
344 silly gunzTarPerm extractEntry .idea/scopes/scope_settings.xml
345 silly gunzTarPerm extractEntry deps/jscoverage/highlight.c
346 silly gunzTarPerm extractEntry deps/jscoverage/highlight.h
347 silly gunzTarPerm extractEntry .idea/should.js.iml
348 silly gunzTarPerm extractEntry .idea/vcs.xml
349 silly gunzTarPerm extractEntry deps/jscoverage/http-connection.c
350 silly gunzTarPerm extractEntry deps/jscoverage/http-exchange.c
351 silly gunzTarPerm extractEntry .idea/workspace.xml
352 silly gunzTarPerm extractEntry Readme.md
353 silly gunzTarPerm extractEntry deps/jscoverage/http-host.c
354 silly gunzTarPerm extractEntry deps/jscoverage/http-message.c
355 silly gunzTarPerm extractEntry deps/jscoverage/http-server.c
356 silly gunzTarPerm extractEntry deps/jscoverage/http-server.h
357 silly gunzTarPerm extractEntry deps/jscoverage/http-url.c
358 silly gunzTarPerm extractEntry deps/jscoverage/install-sh
359 info microtime@0.1.3-1 Failed to exec install script
360 info C:\Users\Rata\Documents\milfolls2014\socket.io\node_modules\microtime unbuild
361 info preuninstall microtime@0.1.3-1
362 silly gunzTarPerm extractEntry deps/jscoverage/instrument-js.cpp
363 silly gunzTarPerm extractEntry deps/jscoverage/instrument-js.h
364 info uninstall microtime@0.1.3-1
365 verbose true,C:\Users\Rata\Documents\milfolls2014\socket.io\node_modules,C:\Users\Rata\Documents\milfolls2014\socket.io\node_modules unbuild microtime@0.1.3-1
366 info postuninstall microtime@0.1.3-1
367 silly gunzTarPerm extractEntry deps/jscoverage/instrument.c
368 silly gunzTarPerm extractEntry deps/jscoverage/instrument.h
369 silly gunzTarPerm extractEntry deps/jscoverage/jscoverage-help.txt
370 silly gunzTarPerm extractEntry deps/jscoverage/jscoverage-highlight.css
371 silly gunzTarPerm extractEntry deps/jscoverage/jscoverage-ie.css
372 silly gunzTarPerm extractEntry deps/jscoverage/jscoverage-overlay.js
373 error microtime@0.1.3-1 install: `node-waf configure build`
373 error Exit status 1
374 error Failed at the microtime@0.1.3-1 install script.
374 error This is most likely a problem with the microtime package,
374 error not with npm itself.
374 error Tell the author that this fails on your system:
374 error     node-waf configure build
374 error You can get their info via:
374 error     npm owner ls microtime
374 error There is likely additional logging output above.
375 error System Windows_NT 6.1.7601
376 error command "C:\\Program Files (x86)\\nodejs\\\\node.exe" "C:\\Program Files (x86)\\nodejs\\node_modules\\npm\\bin\\npm-cli.js" "install"
377 error cwd C:\Users\Rata\Documents\milfolls2014\socket.io
378 error node -v v0.10.29
379 error npm -v 1.4.14
380 error code ELIFECYCLE
381 verbose exit [ 1, true ]
