0 info it worked if it ends with ok
1 verbose cli [ 'C:\\Program Files (x86)\\nodejs\\\\node.exe',
1 verbose cli   'C:\\Program Files (x86)\\nodejs\\node_modules\\npm\\bin\\npm-cli.js',
1 verbose cli   'install',
1 verbose cli   'os' ]
2 info using npm@1.4.14
3 info using node@v0.10.29
4 verbose node symlink C:\Program Files (x86)\nodejs\\node.exe
5 warn package.json package.json@0.0.0 No repository field.
6 warn package.json package.json@0.0.0 No README data
7 verbose cache add [ 'os', null ]
8 verbose cache add name=undefined spec="os" args=["os",null]
9 verbose parsed url { protocol: null,
9 verbose parsed url   slashes: null,
9 verbose parsed url   auth: null,
9 verbose parsed url   host: null,
9 verbose parsed url   port: null,
9 verbose parsed url   hostname: null,
9 verbose parsed url   hash: null,
9 verbose parsed url   search: null,
9 verbose parsed url   query: null,
9 verbose parsed url   pathname: 'os',
9 verbose parsed url   path: 'os',
9 verbose parsed url   href: 'os' }
10 silly lockFile 999a3419-os os
11 verbose lock os C:\Users\Rata\AppData\Roaming\npm-cache\999a3419-os.lock
12 silly lockFile 999a3419-os os
13 silly lockFile 999a3419-os os
14 verbose addNamed [ 'os', '' ]
15 verbose addNamed [ null, '*' ]
16 silly lockFile 46c56d42-os os@
17 verbose lock os@ C:\Users\Rata\AppData\Roaming\npm-cache\46c56d42-os.lock
18 silly addNameRange { name: 'os', range: '*', hasData: false }
19 verbose url raw os
20 verbose url resolving [ 'https://registry.npmjs.org/', './os' ]
21 verbose url resolved https://registry.npmjs.org/os
22 info trying registry request attempt 1 at 02:08:04
23 http GET https://registry.npmjs.org/os
24 http 404 https://registry.npmjs.org/os
25 verbose headers { date: 'Sun, 29 Jun 2014 00:08:05 GMT',
25 verbose headers   server: 'CouchDB/1.5.0 (Erlang OTP/R16B03)',
25 verbose headers   'content-type': 'application/json',
25 verbose headers   'cache-control': 'max-age=0',
25 verbose headers   'content-length': '52',
25 verbose headers   'accept-ranges': 'bytes',
25 verbose headers   via: '1.1 varnish',
25 verbose headers   age: '0',
25 verbose headers   'x-served-by': 'cache-fra1223-FRA',
25 verbose headers   'x-cache': 'MISS',
25 verbose headers   'x-cache-hits': '0',
25 verbose headers   'x-timer': 'S1404000485.761703,VS0,VE176',
25 verbose headers   'keep-alive': 'timeout=10, max=50',
25 verbose headers   connection: 'Keep-Alive' }
26 silly registry.get cb [ 404,
26 silly registry.get   { date: 'Sun, 29 Jun 2014 00:08:05 GMT',
26 silly registry.get     server: 'CouchDB/1.5.0 (Erlang OTP/R16B03)',
26 silly registry.get     'content-type': 'application/json',
26 silly registry.get     'cache-control': 'max-age=0',
26 silly registry.get     'content-length': '52',
26 silly registry.get     'accept-ranges': 'bytes',
26 silly registry.get     via: '1.1 varnish',
26 silly registry.get     age: '0',
26 silly registry.get     'x-served-by': 'cache-fra1223-FRA',
26 silly registry.get     'x-cache': 'MISS',
26 silly registry.get     'x-cache-hits': '0',
26 silly registry.get     'x-timer': 'S1404000485.761703,VS0,VE176',
26 silly registry.get     'keep-alive': 'timeout=10, max=50',
26 silly registry.get     connection: 'Keep-Alive' } ]
27 silly lockFile 46c56d42-os os@
28 silly lockFile 46c56d42-os os@
29 error 404 404 Not Found: os
29 error 404
29 error 404 'os' is not in the npm registry.
29 error 404 You should bug the author to publish it
29 error 404
29 error 404 Note that you can also install from a
29 error 404 tarball, folder, or http url, or git url.
30 error System Windows_NT 6.1.7601
31 error command "C:\\Program Files (x86)\\nodejs\\\\node.exe" "C:\\Program Files (x86)\\nodejs\\node_modules\\npm\\bin\\npm-cli.js" "install" "os"
32 error cwd C:\Users\Rata\Documents\milfolls2014
33 error node -v v0.10.29
34 error npm -v 1.4.14
35 error code E404
36 verbose exit [ 1, true ]
